\BOOKMARK [1][-]{section.1}{Local random search for finding neural network weights}{}% 1
\BOOKMARK [2][-]{subsection.1.1}{The network}{section.1}% 2
\BOOKMARK [2][-]{subsection.1.2}{Data}{section.1}% 3
\BOOKMARK [2][-]{subsection.1.3}{The benchmark: Gradient Descent}{section.1}% 4
\BOOKMARK [2][-]{subsection.1.4}{Implementation}{section.1}% 5
\BOOKMARK [2][-]{subsection.1.5}{Randomized Hill Climbing}{section.1}% 6
\BOOKMARK [3][-]{subsubsection.1.5.1}{Experiments}{subsection.1.5}% 7
\BOOKMARK [3][-]{subsubsection.1.5.2}{Analysis}{subsection.1.5}% 8
\BOOKMARK [2][-]{subsection.1.6}{Simulated Annealing}{section.1}% 9
\BOOKMARK [3][-]{subsubsection.1.6.1}{Experiments}{subsection.1.6}% 10
\BOOKMARK [3][-]{subsubsection.1.6.2}{Analysis}{subsection.1.6}% 11
\BOOKMARK [2][-]{subsection.1.7}{Genetic Algorithm}{section.1}% 12
\BOOKMARK [3][-]{subsubsection.1.7.1}{Experiments}{subsection.1.7}% 13
\BOOKMARK [3][-]{subsubsection.1.7.2}{Analysis}{subsection.1.7}% 14
\BOOKMARK [2][-]{subsection.1.8}{Comparison}{section.1}% 15
\BOOKMARK [1][-]{section.2}{Optimization Problems}{}% 16
\BOOKMARK [2][-]{subsection.2.1}{Four Peaks Problem \(GA\)}{section.2}% 17
\BOOKMARK [3][-]{subsubsection.2.1.1}{Experiments}{subsection.2.1}% 18
\BOOKMARK [3][-]{subsubsection.2.1.2}{Analysis}{subsection.2.1}% 19
\BOOKMARK [2][-]{subsection.2.2}{Continuous Peaks}{section.2}% 20
\BOOKMARK [3][-]{subsubsection.2.2.1}{Experiments}{subsection.2.2}% 21
\BOOKMARK [3][-]{subsubsection.2.2.2}{Analysis}{subsection.2.2}% 22
\BOOKMARK [2][-]{subsection.2.3}{Conclusion}{section.2}% 23
